4.8849 	DEBUG 	Fullscreen settings ignored as running in pilot mode.
4.8858 	INFO 	Loaded monitor calibration from ['2025_05_02 12:47']
5.1010 	EXP 	Created window1 = Window(allowGUI=False, allowStencil=False, autoLog=True, backendConf=UNKNOWN, backgroundFit=<method-wrapper '__getattribute__' of attributeSetter object at 0x00000226E669FE50>, backgroundImage=<method-wrapper '__getattribute__' of attributeSetter object at 0x00000226E669FEB0>, bitsMode=UNKNOWN, blendMode='avg', bpc=(8, 8, 8), color=array([0, 0, 0]), colorSpace='rgb', depthBits=8, fullscr=False, gamma=None, gammaErrorPolicy='raise', infoMsg=UNKNOWN, lms=UNKNOWN, monitor=<psychopy.monitors.calibTools.Monitor object at 0x00000226E75FD9F0>, multiSample=False, name='window1', numSamples=2, pos=[560.0, 300.0], screen=0, size=array([800, 600]), stencilBits=0, stereo=False, title='PsychoPy', units='height', useFBO=True, useRetina=False, viewOri=0.0, viewPos=None, viewScale=None, waitBlanking=True, winType='pyglet')
5.1011 	EXP 	window1: backgroundImage = ''
5.1011 	EXP 	window1: backgroundFit = 'none'
5.1123 	DEBUG 	TextBox2 loaded 1 chars with 0 blanks and 1 valid
5.1132 	DEBUG 	TextBox2 loaded 1 chars with 0 blanks and 1 valid
5.1140 	DEBUG 	TextBox2 loaded 1 chars with 0 blanks and 1 valid
5.1149 	DEBUG 	TextBox2 loaded 1 chars with 0 blanks and 1 valid
5.1158 	DEBUG 	TextBox2 loaded 1 chars with 0 blanks and 1 valid
5.1162 	DEBUG 	TextBox2 loaded 1 chars with 0 blanks and 1 valid
5.1169 	DEBUG 	TextBox2 loaded 1 chars with 0 blanks and 1 valid
5.1178 	DEBUG 	TextBox2 loaded 1 chars with 0 blanks and 1 valid
5.1181 	DEBUG 	TextBox2 loaded 1 chars with 0 blanks and 1 valid
5.1183 	DEBUG 	TextBox2 loaded 1 chars with 0 blanks and 1 valid
5.1190 	DEBUG 	TextBox2 loaded 1 chars with 0 blanks and 1 valid
5.1197 	DEBUG 	TextBox2 loaded 1 chars with 0 blanks and 1 valid
5.1203 	DEBUG 	TextBox2 loaded 1 chars with 0 blanks and 1 valid
5.1211 	DEBUG 	TextBox2 loaded 1 chars with 0 blanks and 1 valid
5.1217 	DEBUG 	TextBox2 loaded 1 chars with 0 blanks and 1 valid
5.1224 	DEBUG 	TextBox2 loaded 1 chars with 0 blanks and 1 valid
5.1231 	DEBUG 	TextBox2 loaded 1 chars with 0 blanks and 1 valid
5.1234 	DEBUG 	TextBox2 loaded 1 chars with 0 blanks and 1 valid
5.1241 	DEBUG 	TextBox2 loaded 1 chars with 0 blanks and 1 valid
5.1250 	DEBUG 	TextBox2 loaded 1 chars with 0 blanks and 1 valid
5.1256 	DEBUG 	TextBox2 loaded 1 chars with 0 blanks and 1 valid
5.1275 	DEBUG 	Uploading Texture Font fontname to graphics card
5.1295 	DEBUG 	Upload of Texture Font fontname complete
5.1366 	DEBUG 	TextBox2 loaded 1 chars with 0 blanks and 1 valid
5.1380 	DEBUG 	TextBox2 loaded 1 chars with 0 blanks and 1 valid
5.1392 	DEBUG 	TextBox2 loaded 1 chars with 0 blanks and 1 valid
5.1396 	DEBUG 	Uploading Texture Font fontname to graphics card
5.1411 	DEBUG 	Upload of Texture Font fontname complete
5.1432 	EXP 	window1: Attempting to measure frame rate of screen (0) ...
5.1432 	EXP 	window1: recordFrameIntervals = False
5.3215 	EXP 	window1: recordFrameIntervals = True
5.5065 	EXP 	Screen (0) actual frame rate measured at 59.69Hz
5.5065 	EXP 	window1: recordFrameIntervals = False
5.5138 	DEBUG 	TextBox2 loaded 1 chars with 0 blanks and 1 valid
5.5143 	DEBUG 	TextBox2 loaded 1 chars with 0 blanks and 1 valid
5.5152 	DEBUG 	TextBox2 loaded 1 chars with 0 blanks and 1 valid
5.5162 	DEBUG 	TextBox2 loaded 1 chars with 0 blanks and 1 valid
5.5172 	DEBUG 	TextBox2 loaded 1 chars with 0 blanks and 1 valid
5.5182 	DEBUG 	TextBox2 loaded 1 chars with 0 blanks and 1 valid
5.5186 	DEBUG 	TextBox2 loaded 1 chars with 0 blanks and 1 valid
5.5195 	DEBUG 	TextBox2 loaded 1 chars with 0 blanks and 1 valid
5.5207 	DEBUG 	TextBox2 loaded 1 chars with 0 blanks and 1 valid
5.5216 	DEBUG 	TextBox2 loaded 1 chars with 0 blanks and 1 valid
5.5220 	DEBUG 	Uploading Texture Font fontname to graphics card
5.5224 	DEBUG 	Upload of Texture Font fontname complete
5.6120 	INFO 	keyboard.Keyboard is using ptb backend.
5.6122 	INFO 	keyboard.Keyboard is using ptb backend.
5.6122 	EXP 	taniguchi: status = STARTED
5.6948 	EXP 	Created text_fixation = TextStim(__class__=<class 'psychopy.visual.text.TextStim'>, alignHoriz=method-wrapper(...), alignText='center', alignVert=method-wrapper(...), anchorHoriz='center', anchorVert='center', antialias=True, autoDraw=False, autoLog=True, bold=False, color=array([1., 1., 1.]), colorSpace='rgb', contrast=1.0, depth=0.0, draggable=False, flipHoriz=False, flipVert=False, font='Arial', fontFiles=[], height=0.05, italic=False, languageStyle='LTR', name='text_fixation', opacity=1, ori=0.0, pos=array([0., 0.]), rgb=UNKNOWN, text='+', units='height', win=Window(...), wrapWidth=1)
5.7017 	EXP 	Created image = ImageStim(__class__=<class 'psychopy.visual.image.ImageStim'>, anchor=('center', 'center'), autoLog=True, color=array([1., 1., 1.]), colorSpace='rgb', contrast=1.0, depth=-1.0, draggable=False, flipHoriz=False, flipVert=False, image='default.png', interpolate=True, mask=None, maskParams=None, name='image', opacity=1, ori=0.0, pos=array([0., 0.]), size=array([0.5, 0.5]), texRes=128.0, units='height', win=Window(...))
5.7248 	EXP 	Created text = TextStim(__class__=<class 'psychopy.visual.text.TextStim'>, alignHoriz=method-wrapper(...), alignText='center', alignVert=method-wrapper(...), anchorHoriz='center', anchorVert='center', antialias=True, autoDraw=False, autoLog=True, bold=False, color=array([1., 1., 1.]), colorSpace='rgb', contrast=1.0, depth=-3.0, draggable=False, flipHoriz=False, flipVert=False, font='Arial', fontFiles=[], height=0.05, italic=False, languageStyle='LTR', name='text', opacity=1, ori=0.0, pos=array([0., 0.]), rgb=UNKNOWN, text='1: Human 2:AI Generated, 3:Not Sure', units='height', win=Window(...), wrapWidth=1)
0.0684 	DEBUG 	Saving data for taniguchi ExperimentHandler
0.0695 	INFO 	saved data to C:\Users\nakazawa\Desktop\devel\psychopy-test\data/286290_taniguchi_2025-05-02_12h50.00.861.psydat
0.0699 	INFO 	saved data to 'C:\\Users\\nakazawa\\Desktop\\devel\\psychopy-test\\data/286290_taniguchi_2025-05-02_12h50.00.861.csv'
0.0745 	WARNING 	Stopping key buffers but this could be dangerous ifother keyboards rely on the same.
0.0921 	WARNING 	Stopping key buffers but this could be dangerous ifother keyboards rely on the same.
