5.6140 	INFO 	Loaded monitor calibration from ['2025_05_02 12:47']
5.6176 	WARNING 	User requested fullscreen with size [2560 1440], but screen is actually [1920, 1200]. Using actual size
5.8212 	EXP 	Created window1 = Window(allowGUI=False, allowStencil=False, autoLog=True, backendConf=UNKNOWN, backgroundFit=<method-wrapper '__getattribute__' of attributeSetter object at 0x0000023B416DB850>, backgroundImage=<method-wrapper '__getattribute__' of attributeSetter object at 0x0000023B416DB8B0>, bitsMode=UNKNOWN, blendMode='avg', bpc=(8, 8, 8), color=array([0, 0, 0]), colorSpace='rgb', depthBits=8, fullscr=True, gamma=None, gammaErrorPolicy='raise', infoMsg=UNKNOWN, lms=UNKNOWN, monitor=<psychopy.monitors.calibTools.Monitor object at 0x0000023B41770E80>, multiSample=False, name='window1', numSamples=2, pos=[0.0, 0.0], screen=0, size=array([1920, 1200]), stencilBits=0, stereo=False, title='PsychoPy', units='height', useFBO=True, useRetina=False, viewOri=0.0, viewPos=None, viewScale=None, waitBlanking=True, winType='pyglet')
5.8213 	EXP 	window1: backgroundImage = ''
5.8213 	EXP 	window1: backgroundFit = 'none'
5.8842 	EXP 	window1: Attempting to measure frame rate of screen (0) ...
5.8842 	EXP 	window1: recordFrameIntervals = False
6.0241 	EXP 	window1: recordFrameIntervals = True
6.0744 	WARNING 	t of last frame was 26.68ms (=1/37)
6.1065 	WARNING 	t of last frame was 26.16ms (=1/38)
6.1379 	WARNING 	t of last frame was 25.63ms (=1/39)
6.1704 	WARNING 	t of last frame was 26.94ms (=1/37)
6.2014 	WARNING 	Multiple dropped frames have occurred - I'll stop bothering you about them!
7.6006 	WARNING 	Couldn't measure a consistent frame rate!
  - Is your graphics card set to sync to vertical blank?
  - Are you running other processes on your computer?

7.6806 	INFO 	keyboard.Keyboard is using ptb backend.
7.6809 	INFO 	keyboard.Keyboard is using ptb backend.
7.6809 	EXP 	taniguchi: status = STARTED
7.7442 	EXP 	Created text_fixation = TextStim(__class__=<class 'psychopy.visual.text.TextStim'>, alignHoriz=method-wrapper(...), alignText='center', alignVert=method-wrapper(...), anchorHoriz='center', anchorVert='center', antialias=True, autoDraw=False, autoLog=True, bold=False, color=array([1., 1., 1.]), colorSpace='rgb', contrast=1.0, depth=0.0, draggable=False, flipHoriz=False, flipVert=False, font='Arial', fontFiles=[], height=0.05, italic=False, languageStyle='LTR', name='text_fixation', opacity=1, ori=0.0, pos=array([0., 0.]), rgb=UNKNOWN, text='+', units='height', win=Window(...), wrapWidth=1)
7.7500 	EXP 	Created image = ImageStim(__class__=<class 'psychopy.visual.image.ImageStim'>, anchor=('center', 'center'), autoLog=True, color=array([1., 1., 1.]), colorSpace='rgb', contrast=1.0, depth=-1.0, draggable=False, flipHoriz=False, flipVert=False, image='default.png', interpolate=True, mask=None, maskParams=None, name='image', opacity=1, ori=0.0, pos=array([0., 0.]), size=array([0.5, 0.5]), texRes=128.0, units='height', win=Window(...))
7.7829 	EXP 	Created text = TextStim(__class__=<class 'psychopy.visual.text.TextStim'>, alignHoriz=method-wrapper(...), alignText='center', alignVert=method-wrapper(...), anchorHoriz='center', anchorVert='center', antialias=True, autoDraw=False, autoLog=True, bold=False, color=array([1., 1., 1.]), colorSpace='rgb', contrast=1.0, depth=-3.0, draggable=False, flipHoriz=False, flipVert=False, font='Arial', fontFiles=[], height=0.05, italic=False, languageStyle='LTR', name='text', opacity=1, ori=0.0, pos=array([0., 0.]), rgb=UNKNOWN, text='1: Human 2:AI Generated, 3:Not Sure', units='height', win=Window(...), wrapWidth=1)
0.0234 	EXP 	image: image = 'images/1.jpg'
0.5103 	EXP 	text_fixation: autoDraw = True
2.0107 	EXP 	text_fixation: autoDraw = False
2.0107 	EXP 	text: autoDraw = True
4.0077 	INFO 	Keyboard events cleared
4.0076 	EXP 	image: autoDraw = True
4.0076 	EXP 	text: autoDraw = False
9.0000 	EXP 	text_fixation: autoDraw = False
9.0000 	EXP 	image: autoDraw = False
9.0000 	EXP 	text: autoDraw = False
9.0002 	EXP 	taniguchi: status = STOPPED
9.0059 	INFO 	saved data to 'C:\\Users\\nakazawa\\Desktop\\devel\\psychopy-test\\data/355617_taniguchi_2025-05-02_12h50.48.411.csv'
9.0069 	INFO 	saved data to C:\Users\nakazawa\Desktop\devel\psychopy-test\data/355617_taniguchi_2025-05-02_12h50.48.411.psydat
9.0626 	WARNING 	Stopping key buffers but this could be dangerous ifother keyboards rely on the same.
9.0747 	WARNING 	Stopping key buffers but this could be dangerous ifother keyboards rely on the same.
