5.1638 	INFO 	Loaded monitor calibration from ['2025_05_02 12:47']
5.1673 	WARNING 	User requested fullscreen with size [2560 1440], but screen is actually [1920, 1200]. Using actual size
5.3740 	EXP 	Created window1 = Window(allowGUI=False, allowStencil=False, autoLog=True, backendConf=UNKNOWN, backgroundFit=<method-wrapper '__getattribute__' of attributeSetter object at 0x000001C68924A350>, backgroundImage=<method-wrapper '__getattribute__' of attributeSetter object at 0x000001C68924A3B0>, bitsMode=UNKNOWN, blendMode='avg', bpc=(8, 8, 8), color=array([0, 0, 0]), colorSpace='rgb', depthBits=8, fullscr=True, gamma=None, gammaErrorPolicy='raise', infoMsg=UNKNOWN, lms=UNKNOWN, monitor=<psychopy.monitors.calibTools.Monitor object at 0x000001C6892E4E20>, multiSample=False, name='window1', numSamples=2, pos=[0.0, 0.0], screen=0, size=array([1920, 1200]), stencilBits=0, stereo=False, title='PsychoPy', units='height', useFBO=True, useRetina=False, viewOri=0.0, viewPos=None, viewScale=None, waitBlanking=True, winType='pyglet')
5.3741 	EXP 	window1: backgroundImage = ''
5.3741 	EXP 	window1: backgroundFit = 'none'
5.4383 	EXP 	window1: Attempting to measure frame rate of screen (0) ...
5.4383 	EXP 	window1: recordFrameIntervals = False
5.5994 	EXP 	window1: recordFrameIntervals = True
5.6305 	WARNING 	t of last frame was 24.92ms (=1/40)
5.6617 	WARNING 	t of last frame was 25.54ms (=1/39)
5.6938 	WARNING 	t of last frame was 26.52ms (=1/37)
5.7255 	WARNING 	t of last frame was 25.08ms (=1/39)
5.7566 	WARNING 	Multiple dropped frames have occurred - I'll stop bothering you about them!
7.1532 	WARNING 	Couldn't measure a consistent frame rate!
  - Is your graphics card set to sync to vertical blank?
  - Are you running other processes on your computer?

7.2333 	INFO 	keyboard.Keyboard is using ptb backend.
7.2335 	INFO 	keyboard.Keyboard is using ptb backend.
7.2335 	EXP 	taniguchi: status = STARTED
7.2972 	EXP 	Created text_fixation = TextStim(__class__=<class 'psychopy.visual.text.TextStim'>, alignHoriz=method-wrapper(...), alignText='center', alignVert=method-wrapper(...), anchorHoriz='center', anchorVert='center', antialias=True, autoDraw=False, autoLog=True, bold=False, color=array([1., 1., 1.]), colorSpace='rgb', contrast=1.0, depth=0.0, draggable=False, flipHoriz=False, flipVert=False, font='Arial', fontFiles=[], height=0.05, italic=False, languageStyle='LTR', name='text_fixation', opacity=1, ori=0.0, pos=array([0., 0.]), rgb=UNKNOWN, text='+', units='height', win=Window(...), wrapWidth=1)
7.3029 	EXP 	Created image = ImageStim(__class__=<class 'psychopy.visual.image.ImageStim'>, anchor=('center', 'center'), autoLog=True, color=array([1., 1., 1.]), colorSpace='rgb', contrast=1.0, depth=-1.0, draggable=False, flipHoriz=False, flipVert=False, image='default.png', interpolate=True, mask=None, maskParams=None, name='image', opacity=1, ori=0.0, pos=array([0., 0.]), size=array([0.5, 0.5]), texRes=128.0, units='height', win=Window(...))
7.3264 	EXP 	Created text = TextStim(__class__=<class 'psychopy.visual.text.TextStim'>, alignHoriz=method-wrapper(...), alignText='center', alignVert=method-wrapper(...), anchorHoriz='center', anchorVert='center', antialias=True, autoDraw=False, autoLog=True, bold=False, color=array([1., 1., 1.]), colorSpace='rgb', contrast=1.0, depth=-3.0, draggable=False, flipHoriz=False, flipVert=False, font='Arial', fontFiles=[], height=0.05, italic=False, languageStyle='LTR', name='text', opacity=1, ori=0.0, pos=array([0., 0.]), rgb=UNKNOWN, text='1: Human 2:AI Generated, 3:Not Sure', units='height', win=Window(...), wrapWidth=1)
0.0263 	EXP 	image: image = 'images/1.jpg'
0.0263 	EXP 	text: autoDraw = True
3.0157 	EXP 	text_fixation: autoDraw = True
3.0424 	EXP 	text: autoDraw = False
3.9985 	INFO 	Keyboard events cleared
3.9984 	EXP 	image: autoDraw = True
4.0242 	EXP 	text_fixation: autoDraw = False
10.0861 	EXP 	text_fixation: autoDraw = False
10.0861 	EXP 	image: autoDraw = False
10.0861 	EXP 	text: autoDraw = False
10.0862 	EXP 	taniguchi: status = STOPPED
10.0885 	INFO 	saved data to 'C:\\Users\\nakazawa\\Desktop\\devel\\psychopy-test\\data/581903_taniguchi_2025-05-02_12h51.58.171.csv'
10.0890 	INFO 	saved data to C:\Users\nakazawa\Desktop\devel\psychopy-test\data/581903_taniguchi_2025-05-02_12h51.58.171.psydat
10.1291 	WARNING 	Stopping key buffers but this could be dangerous ifother keyboards rely on the same.
10.1645 	WARNING 	Stopping key buffers but this could be dangerous ifother keyboards rely on the same.
