4.5792 	DEBUG 	Fullscreen settings ignored as running in pilot mode.
4.5801 	INFO 	Loaded monitor calibration from ['2025_05_02 12:47']
4.7886 	EXP 	Created window1 = Window(allowGUI=False, allowStencil=False, autoLog=True, backendConf=UNKNOWN, backgroundFit=<method-wrapper '__getattribute__' of attributeSetter object at 0x00000236FBE7B880>, backgroundImage=<method-wrapper '__getattribute__' of attributeSetter object at 0x00000236FBE7B8E0>, bitsMode=UNKNOWN, blendMode='avg', bpc=(8, 8, 8), color=array([0, 0, 0]), colorSpace='rgb', depthBits=8, fullscr=False, gamma=None, gammaErrorPolicy='raise', infoMsg=UNKNOWN, lms=UNKNOWN, monitor=<psychopy.monitors.calibTools.Monitor object at 0x00000236FBF14EE0>, multiSample=False, name='window1', numSamples=2, pos=[560.0, 300.0], screen=0, size=array([800, 600]), stencilBits=0, stereo=False, title='PsychoPy', units='height', useFBO=True, useRetina=False, viewOri=0.0, viewPos=None, viewScale=None, waitBlanking=True, winType='pyglet')
4.7886 	EXP 	window1: backgroundImage = ''
4.7886 	EXP 	window1: backgroundFit = 'none'
4.7966 	DEBUG 	TextBox2 loaded 1 chars with 0 blanks and 1 valid
4.7975 	DEBUG 	TextBox2 loaded 1 chars with 0 blanks and 1 valid
4.7982 	DEBUG 	TextBox2 loaded 1 chars with 0 blanks and 1 valid
4.7992 	DEBUG 	TextBox2 loaded 1 chars with 0 blanks and 1 valid
4.8000 	DEBUG 	TextBox2 loaded 1 chars with 0 blanks and 1 valid
4.8004 	DEBUG 	TextBox2 loaded 1 chars with 0 blanks and 1 valid
4.8011 	DEBUG 	TextBox2 loaded 1 chars with 0 blanks and 1 valid
4.8021 	DEBUG 	TextBox2 loaded 1 chars with 0 blanks and 1 valid
4.8024 	DEBUG 	TextBox2 loaded 1 chars with 0 blanks and 1 valid
4.8026 	DEBUG 	TextBox2 loaded 1 chars with 0 blanks and 1 valid
4.8033 	DEBUG 	TextBox2 loaded 1 chars with 0 blanks and 1 valid
4.8040 	DEBUG 	TextBox2 loaded 1 chars with 0 blanks and 1 valid
4.8046 	DEBUG 	TextBox2 loaded 1 chars with 0 blanks and 1 valid
4.8052 	DEBUG 	TextBox2 loaded 1 chars with 0 blanks and 1 valid
4.8058 	DEBUG 	TextBox2 loaded 1 chars with 0 blanks and 1 valid
4.8065 	DEBUG 	TextBox2 loaded 1 chars with 0 blanks and 1 valid
4.8072 	DEBUG 	TextBox2 loaded 1 chars with 0 blanks and 1 valid
4.8075 	DEBUG 	TextBox2 loaded 1 chars with 0 blanks and 1 valid
4.8079 	DEBUG 	TextBox2 loaded 1 chars with 0 blanks and 1 valid
4.8088 	DEBUG 	TextBox2 loaded 1 chars with 0 blanks and 1 valid
4.8092 	DEBUG 	TextBox2 loaded 1 chars with 0 blanks and 1 valid
4.8096 	DEBUG 	Uploading Texture Font fontname to graphics card
4.8113 	DEBUG 	Upload of Texture Font fontname complete
4.8184 	DEBUG 	TextBox2 loaded 1 chars with 0 blanks and 1 valid
4.8194 	DEBUG 	TextBox2 loaded 1 chars with 0 blanks and 1 valid
4.8203 	DEBUG 	TextBox2 loaded 1 chars with 0 blanks and 1 valid
4.8206 	DEBUG 	Uploading Texture Font fontname to graphics card
4.8221 	DEBUG 	Upload of Texture Font fontname complete
4.8240 	EXP 	window1: Attempting to measure frame rate of screen (0) ...
4.8240 	EXP 	window1: recordFrameIntervals = False
4.9996 	EXP 	window1: recordFrameIntervals = True
5.3148 	EXP 	Screen (0) actual frame rate measured at 59.70Hz
5.3148 	EXP 	window1: recordFrameIntervals = False
5.3209 	DEBUG 	TextBox2 loaded 1 chars with 0 blanks and 1 valid
5.3214 	DEBUG 	TextBox2 loaded 1 chars with 0 blanks and 1 valid
5.3222 	DEBUG 	TextBox2 loaded 1 chars with 0 blanks and 1 valid
5.3232 	DEBUG 	TextBox2 loaded 1 chars with 0 blanks and 1 valid
5.3242 	DEBUG 	TextBox2 loaded 1 chars with 0 blanks and 1 valid
5.3251 	DEBUG 	TextBox2 loaded 1 chars with 0 blanks and 1 valid
5.3256 	DEBUG 	TextBox2 loaded 1 chars with 0 blanks and 1 valid
5.3264 	DEBUG 	TextBox2 loaded 1 chars with 0 blanks and 1 valid
5.3274 	DEBUG 	TextBox2 loaded 1 chars with 0 blanks and 1 valid
5.3282 	DEBUG 	TextBox2 loaded 1 chars with 0 blanks and 1 valid
5.3286 	DEBUG 	Uploading Texture Font fontname to graphics card
5.3289 	DEBUG 	Upload of Texture Font fontname complete
5.4192 	INFO 	keyboard.Keyboard is using ptb backend.
5.4194 	INFO 	keyboard.Keyboard is using ptb backend.
5.4195 	EXP 	taniguchi: status = STARTED
5.4834 	EXP 	Created text_fixation = TextStim(__class__=<class 'psychopy.visual.text.TextStim'>, alignHoriz=method-wrapper(...), alignText='center', alignVert=method-wrapper(...), anchorHoriz='center', anchorVert='center', antialias=True, autoDraw=False, autoLog=True, bold=False, color=array([1., 1., 1.]), colorSpace='rgb', contrast=1.0, depth=0.0, draggable=False, flipHoriz=False, flipVert=False, font='Arial', fontFiles=[], height=0.05, italic=False, languageStyle='LTR', name='text_fixation', opacity=1, ori=0.0, pos=array([0., 0.]), rgb=UNKNOWN, text='+', units='height', win=Window(...), wrapWidth=1)
5.4889 	EXP 	Created image = ImageStim(__class__=<class 'psychopy.visual.image.ImageStim'>, anchor=('center', 'center'), autoLog=True, color=array([1., 1., 1.]), colorSpace='rgb', contrast=1.0, depth=-1.0, draggable=False, flipHoriz=False, flipVert=False, image='default.png', interpolate=True, mask=None, maskParams=None, name='image', opacity=1, ori=0.0, pos=array([0., 0.]), size=array([0.5, 0.5]), texRes=128.0, units='height', win=Window(...))
5.5140 	EXP 	Created text = TextStim(__class__=<class 'psychopy.visual.text.TextStim'>, alignHoriz=method-wrapper(...), alignText='center', alignVert=method-wrapper(...), anchorHoriz='center', anchorVert='center', antialias=True, autoDraw=False, autoLog=True, bold=False, color=array([1., 1., 1.]), colorSpace='rgb', contrast=1.0, depth=-3.0, draggable=False, flipHoriz=False, flipVert=False, font='Arial', fontFiles=[], height=0.05, italic=False, languageStyle='LTR', name='text', opacity=1, ori=0.0, pos=array([0., 0.]), rgb=UNKNOWN, text='1: Human 2:AI Generated, 3:Not Sure', units='height', win=Window(...), wrapWidth=1)
0.0548 	EXP 	image: image = 'images/1.jpg'
0.5128 	EXP 	text_fixation: autoDraw = True
2.0006 	EXP 	text: autoDraw = True
2.0165 	EXP 	text_fixation: autoDraw = False
4.0180 	INFO 	Keyboard events cleared
4.0179 	EXP 	image: autoDraw = True
4.0179 	EXP 	text: autoDraw = False
6.6663 	EXP 	text_fixation: autoDraw = False
6.6663 	EXP 	image: autoDraw = False
6.6663 	EXP 	text: autoDraw = False
6.6688 	EXP 	taniguchi: status = STOPPED
6.6714 	INFO 	saved data to 'C:\\Users\\nakazawa\\Desktop\\devel\\psychopy-test\\data/917652_taniguchi_2025-05-02_12h50.31.721.csv'
6.6718 	INFO 	saved data to C:\Users\nakazawa\Desktop\devel\psychopy-test\data/917652_taniguchi_2025-05-02_12h50.31.721.psydat
6.6725 	DATA 	Keypress: 1
6.7427 	DEBUG 	Saving data for taniguchi ExperimentHandler
6.7464 	WARNING 	Stopping key buffers but this could be dangerous ifother keyboards rely on the same.
6.7943 	WARNING 	Stopping key buffers but this could be dangerous ifother keyboards rely on the same.
